<?xml version="1.0" encoding="UTF-8"?>
<testsuite name="com.gildedrose.SulfurasTest" tests="2" skipped="0" failures="0" errors="0" timestamp="2020-11-14T20:50:33" hostname="bsarra-S551LB" time="0.002">
  <properties/>
  <testcase name="qualityWhenNegativeSellIn()" classname="com.gildedrose.SulfurasTest" time="0.0"/>
  <testcase name="qualityWhenSellInEqualto()" classname="com.gildedrose.SulfurasTest" time="0.001"/>
  <system-out><![CDATA[]]></system-out>
  <system-err><![CDATA[]]></system-err>
</testsuite>
