<?xml version="1.0" encoding="UTF-8"?>
<testsuite name="com.gildedrose.AgedBrieTest" tests="5" skipped="0" failures="0" errors="0" timestamp="2020-11-14T20:50:33" hostname="bsarra-S551LB" time="0.01">
  <properties/>
  <testcase name="qualityNotsuperiorto50SellInNegative()" classname="com.gildedrose.AgedBrieTest" time="0.001"/>
  <testcase name="AgedBrieQualitySuperiorto50()" classname="com.gildedrose.AgedBrieTest" time="0.001"/>
  <testcase name="SellInNegative()" classname="com.gildedrose.AgedBrieTest" time="0.001"/>
  <testcase name="increaseQuality()" classname="com.gildedrose.AgedBrieTest" time="0.001"/>
  <testcase name="qualityNotsuperiorto50()" classname="com.gildedrose.AgedBrieTest" time="0.001"/>
  <system-out><![CDATA[]]></system-out>
  <system-err><![CDATA[]]></system-err>
</testsuite>
