<?xml version="1.0" encoding="UTF-8"?>
<testsuite name="com.gildedrose.ConjuredTest" tests="3" skipped="0" failures="0" errors="0" timestamp="2020-11-14T20:49:11" hostname="bsarra-S551LB" time="0.031">
  <properties/>
  <testcase name="qualityWhenSellInUnder0()" classname="com.gildedrose.ConjuredTest" time="0.026"/>
  <testcase name="qualityDegradesTwiceAsMuch()" classname="com.gildedrose.ConjuredTest" time="0.001"/>
  <testcase name="qualityWhenUnder0()" classname="com.gildedrose.ConjuredTest" time="0.0"/>
  <system-out><![CDATA[]]></system-out>
  <system-err><![CDATA[]]></system-err>
</testsuite>
