<?xml version="1.0" encoding="UTF-8"?>
<testsuite name="com.gildedrose.SulfurasTest" tests="2" skipped="0" failures="0" errors="0" timestamp="2020-11-14T19:39:06" hostname="bsarra-S551LB" time="0.005">
  <properties/>
  <testcase name="qualitySulfuras()" classname="com.gildedrose.SulfurasTest" time="0.002"/>
  <testcase name="qualitySulfurasWithNegativeSellIn()" classname="com.gildedrose.SulfurasTest" time="0.001"/>
  <system-out><![CDATA[]]></system-out>
  <system-err><![CDATA[]]></system-err>
</testsuite>
