<?xml version="1.0" encoding="UTF-8"?>
<testsuite name="com.gildedrose.ItemTest" tests="1" skipped="0" failures="0" errors="0" timestamp="2020-11-14T13:39:09" hostname="bsarra-S551LB" time="0.022">
  <properties/>
  <testcase name="testProperties()" classname="com.gildedrose.ItemTest" time="0.022"/>
  <system-out><![CDATA[]]></system-out>
  <system-err><![CDATA[]]></system-err>
</testsuite>
