<?xml version="1.0" encoding="UTF-8"?>
<testsuite name="com.gildedrose.ItemTest" tests="2" skipped="0" failures="0" errors="0" timestamp="2020-11-14T20:49:11" hostname="bsarra-S551LB" time="0.004">
  <properties/>
  <testcase name="testProperties()" classname="com.gildedrose.ItemTest" time="0.002"/>
  <testcase name="testToString()" classname="com.gildedrose.ItemTest" time="0.0"/>
  <system-out><![CDATA[]]></system-out>
  <system-err><![CDATA[]]></system-err>
</testsuite>
