<?xml version="1.0" encoding="UTF-8"?>
<testsuite name="com.gildedrose.ConjuredTest" tests="3" skipped="0" failures="0" errors="0" timestamp="2020-11-14T13:55:50" hostname="bsarra-S551LB" time="0.029">
  <properties/>
  <testcase name="qualityConjuredSellInUnder0()" classname="com.gildedrose.ConjuredTest" time="0.026"/>
  <testcase name="qualityConjured()" classname="com.gildedrose.ConjuredTest" time="0.0"/>
  <testcase name="qualityConjuredWhenUnder0()" classname="com.gildedrose.ConjuredTest" time="0.0"/>
  <system-out><![CDATA[]]></system-out>
  <system-err><![CDATA[]]></system-err>
</testsuite>
