<?xml version="1.0" encoding="UTF-8"?>
<testsuite name="com.gildedrose.BackstageTest" tests="7" skipped="0" failures="0" errors="0" timestamp="2020-11-14T13:55:50" hostname="bsarra-S551LB" time="0.01">
  <properties/>
  <testcase name="qualityBackstagePasses()" classname="com.gildedrose.BackstageTest" time="0.001"/>
  <testcase name="qualityBackstagePassesSuperiorto50()" classname="com.gildedrose.BackstageTest" time="0.0"/>
  <testcase name="qualityBackstageAfterConcert()" classname="com.gildedrose.BackstageTest" time="0.001"/>
  <testcase name="qualityBackstagePasses_1()" classname="com.gildedrose.BackstageTest" time="0.001"/>
  <testcase name="qualityBackstagePasses_2()" classname="com.gildedrose.BackstageTest" time="0.0"/>
  <testcase name="qualityBackstagePasses_3()" classname="com.gildedrose.BackstageTest" time="0.001"/>
  <testcase name="qualityNotsuperiorto50()" classname="com.gildedrose.BackstageTest" time="0.001"/>
  <system-out><![CDATA[]]></system-out>
  <system-err><![CDATA[]]></system-err>
</testsuite>
