<?xml version="1.0" encoding="UTF-8"?>
<testsuite name="com.gildedrose.GildedRoseTest" tests="19" skipped="0" failures="0" errors="0" timestamp="2020-09-28T17:24:19" hostname="bsarra-S551LB" time="0.065">
  <properties/>
  <testcase name="qualityProduitOrdinaire()" classname="com.gildedrose.GildedRoseTest" time="0.025"/>
  <testcase name="testProperties()" classname="com.gildedrose.GildedRoseTest" time="0.002"/>
  <testcase name="qualityBackstagePasses()" classname="com.gildedrose.GildedRoseTest" time="0.001"/>
  <testcase name="qualityBackstagePassesSuperiorto50()" classname="com.gildedrose.GildedRoseTest" time="0.0"/>
  <testcase name="qualityAgedBrie()" classname="com.gildedrose.GildedRoseTest" time="0.0"/>
  <testcase name="testToString()" classname="com.gildedrose.GildedRoseTest" time="0.001"/>
  <testcase name="qualityAgedBrieSellInNegative()" classname="com.gildedrose.GildedRoseTest" time="0.001"/>
  <testcase name="qualitywhensellinisnegativ()" classname="com.gildedrose.GildedRoseTest" time="0.001"/>
  <testcase name="sellInProduitOrdinaire()" classname="com.gildedrose.GildedRoseTest" time="0.009"/>
  <testcase name="qualitySulfuras()" classname="com.gildedrose.GildedRoseTest" time="0.0"/>
  <testcase name="qualityBackstageAfterConcert()" classname="com.gildedrose.GildedRoseTest" time="0.001"/>
  <testcase name="qualityBackstagePasses_1()" classname="com.gildedrose.GildedRoseTest" time="0.0"/>
  <testcase name="qualityBackstagePasses_2()" classname="com.gildedrose.GildedRoseTest" time="0.001"/>
  <testcase name="qualityBackstagePasses_3()" classname="com.gildedrose.GildedRoseTest" time="0.0"/>
  <testcase name="testNegativeQuality()" classname="com.gildedrose.GildedRoseTest" time="0.002"/>
  <testcase name="sellInywhensellinisnegativ()" classname="com.gildedrose.GildedRoseTest" time="0.001"/>
  <testcase name="sellInAgedBrie()" classname="com.gildedrose.GildedRoseTest" time="0.001"/>
  <testcase name="qualityNotsuperiorto50_AdjBrie()" classname="com.gildedrose.GildedRoseTest" time="0.001"/>
  <testcase name="qualityNotsuperiorto50()" classname="com.gildedrose.GildedRoseTest" time="0.0"/>
  <system-out><![CDATA[name, sellIn, quality
]]></system-out>
  <system-err><![CDATA[]]></system-err>
</testsuite>
